#
# There is insufficient memory for the Java Runtime Environment to continue.
# Native memory allocation (malloc) failed to allocate 2097152 bytes for AllocateHeap
# Possible reasons:
#   The system is out of physical RAM or swap space
#   The process is running with CompressedOops enabled, and the Java Heap may be blocking the growth of the native heap
# Possible solutions:
#   Reduce memory load on the system
#   Increase physical memory or swap space
#   Check if swap backing store is full
#   Decrease Java heap size (-Xmx/-Xms)
#   Decrease number of Java threads
#   Decrease Java thread stack sizes (-Xss)
#   Set larger code cache with -XX:ReservedCodeCacheSize=
#   JVM is running with Unscaled Compressed Oops mode in which the Java heap is
#     placed in the first 4GB address space. The Java Heap base address is the
#     maximum limit for the native heap growth. Please use -XX:HeapBaseMinAddress
#     to set the Java Heap base and to place the Java Heap above 4GB virtual address.
# This output file may be truncated or incomplete.
#
#  Out of Memory Error (allocation.cpp:44), pid=4536, tid=2556
#
# JRE version: OpenJDK Runtime Environment Temurin-17.0.8.1+1 (17.0.8.1+1) (build 17.0.8.1+1)
# Java VM: OpenJDK 64-Bit Server VM Temurin-17.0.8.1+1 (17.0.8.1+1, mixed mode, emulated-client, tiered, compressed oops, compressed class ptrs, g1 gc, windows-amd64)
# No core dump will be written. Minidumps are not enabled by default on client versions of Windows
#

---------------  S U M M A R Y ------------

Command Line: -XX:+HeapDumpOnOutOfMemoryError -Xmx1024m -Dsts.lsp.client=vscode -Dsts.log.file=/dev/null -XX:TieredStopAtLevel=1 -Xlog:jni+resolve=off -Dspring.config.location=file:c:\Users\szaut\.vscode\extensions\vmware.vscode-spring-boot-1.49.0\language-server\BOOT-INF\classes\application.properties org.springframework.ide.vscode.boot.app.BootLanguageServerBootApp

Host: Intel(R) Core(TM) i7-9750H CPU @ 2.60GHz, 12 cores, 7G,  Windows 10 , 64 bit Build 18362 (10.0.18362.1500)
Time: Wed Sep 20 22:40:58 2023 Közép-európai nyári idő  elapsed time: 337.558825 seconds (0d 0h 5m 37s)

---------------  T H R E A D  ---------------

Current thread (0x00000214abd91360):  VMThread "VM Thread" [stack: 0x0000007650100000,0x0000007650200000] [id=2556]

Stack: [0x0000007650100000,0x0000007650200000]
Native frames: (J=compiled Java code, j=interpreted, Vv=VM code, C=native code)
V  [jvm.dll+0x678b0a]
V  [jvm.dll+0x835e84]
V  [jvm.dll+0x83762e]
V  [jvm.dll+0x837c93]
V  [jvm.dll+0x24746f]
V  [jvm.dll+0xa697b]
V  [jvm.dll+0x2f7f41]
V  [jvm.dll+0x2f3b80]
V  [jvm.dll+0x2dc1c7]
V  [jvm.dll+0x31f227]
V  [jvm.dll+0x83c15b]
V  [jvm.dll+0x83ce94]
V  [jvm.dll+0x83d3ac]
V  [jvm.dll+0x83d784]
V  [jvm.dll+0x83d850]
V  [jvm.dll+0x7e64ca]
V  [jvm.dll+0x677955]
C  [ucrtbase.dll+0x210b2]
C  [KERNEL32.DLL+0x17c24]
C  [ntdll.dll+0x6d721]

VM_Operation (0x0000007651cfeba0): G1CollectFull, mode: safepoint, requested by thread 0x00000214b001ae10


---------------  P R O C E S S  ---------------

Threads class SMR info:
_java_thread_list=0x00000214b4eff7a0, length=23, elements={
0x00000214abdb2740, 0x00000214abdb3410, 0x00000214abdc9df0, 0x00000214abdcbae0,
0x00000214b001cc70, 0x00000214b001c760, 0x00000214b001e3b0, 0x00000214b001d180,
0x00000214b001d690, 0x00000214b001dba0, 0x00000214b001b320, 0x00000214b001ae10,
0x00000214b001b830, 0x00000214b001bd40, 0x00000214b001a3f0, 0x00000214b001a900,
0x00000214b1a11a90, 0x00000214b1a11fa0, 0x00000214b1a11070, 0x00000214b1a138f0,
0x00000214b1a129c0, 0x00000214b1a12ed0, 0x00000214b1a133e0
}

Java Threads: ( => current thread )
  0x00000214abdb2740 JavaThread "Reference Handler" daemon [_thread_blocked, id=17872, stack(0x0000007650200000,0x0000007650300000)]
  0x00000214abdb3410 JavaThread "Finalizer" daemon [_thread_blocked, id=23396, stack(0x0000007650300000,0x0000007650400000)]
  0x00000214abdc9df0 JavaThread "Signal Dispatcher" daemon [_thread_blocked, id=14848, stack(0x0000007650400000,0x0000007650500000)]
  0x00000214abdcbae0 JavaThread "Attach Listener" daemon [_thread_blocked, id=15380, stack(0x0000007650500000,0x0000007650600000)]
  0x00000214b001cc70 JavaThread "Service Thread" daemon [_thread_blocked, id=18616, stack(0x0000007650600000,0x0000007650700000)]
  0x00000214b001c760 JavaThread "Monitor Deflation Thread" daemon [_thread_blocked, id=17524, stack(0x0000007650700000,0x0000007650800000)]
  0x00000214b001e3b0 JavaThread "C1 CompilerThread0" daemon [_thread_blocked, id=17192, stack(0x0000007650800000,0x0000007650900000)]
  0x00000214b001d180 JavaThread "Sweeper thread" daemon [_thread_blocked, id=20292, stack(0x0000007650900000,0x0000007650a00000)]
  0x00000214b001d690 JavaThread "Notification Thread" daemon [_thread_blocked, id=23092, stack(0x0000007650d00000,0x0000007650e00000)]
  0x00000214b001dba0 JavaThread "Common-Cleaner" daemon [_thread_blocked, id=1792, stack(0x0000007650f00000,0x0000007651000000)]
  0x00000214b001b320 JavaThread "boundedElastic-evictor-1" daemon [_thread_blocked, id=22732, stack(0x0000007651600000,0x0000007651700000)]
  0x00000214b001ae10 JavaThread "pool-11-thread-1" [_thread_blocked, id=12028, stack(0x0000007651c00000,0x0000007651d00000)]
  0x00000214b001b830 JavaThread "LanguageServerApp-lifecycle" [_thread_blocked, id=5372, stack(0x0000007651d00000,0x0000007651e00000)]
  0x00000214b001bd40 JavaThread "DestroyJavaVM" [_thread_blocked, id=10384, stack(0x000000764fb00000,0x000000764fc00000)]
  0x00000214b001a3f0 JavaThread "pool-12-thread-1" [_thread_in_native, id=13720, stack(0x0000007651e00000,0x0000007651f00000)]
  0x00000214b001a900 JavaThread "Simple-Language-Server main thread" daemon [_thread_blocked, id=23704, stack(0x0000007651f00000,0x0000007652000000)]
  0x00000214b1a11a90 JavaThread "parallel-1" daemon [_thread_blocked, id=10088, stack(0x0000007652300000,0x0000007652400000)]
  0x00000214b1a11fa0 JavaThread "pool-5-thread-1" [_thread_blocked, id=23604, stack(0x0000007652400000,0x0000007652500000)]
  0x00000214b1a11070 JavaThread "parallel-2" daemon [_thread_blocked, id=22944, stack(0x0000007652500000,0x0000007652600000)]
  0x00000214b1a138f0 JavaThread "parallel-3" daemon [_thread_blocked, id=14088, stack(0x000000764f800000,0x000000764f900000)]
  0x00000214b1a129c0 JavaThread "Reconciler-1" daemon [_thread_blocked, id=1604, stack(0x0000007651700000,0x0000007651800000)]
  0x00000214b1a12ed0 JavaThread "pool-7-thread-1" [_thread_blocked, id=16272, stack(0x0000007650a00000,0x0000007650b00000)]
  0x00000214b1a133e0 JavaThread "parallel-4" daemon [_thread_blocked, id=24028, stack(0x0000007652000000,0x0000007652100000)]

Other Threads:
=>0x00000214abd91360 VMThread "VM Thread" [stack: 0x0000007650100000,0x0000007650200000] [id=2556]
  0x00000214b022ebf0 WatcherThread [stack: 0x0000007650e00000,0x0000007650f00000] [id=24888]
  0x00000214a0b7ca60 GCTaskThread "GC Thread#0" [stack: 0x000000764fc00000,0x000000764fd00000] [id=15648]
  0x00000214b0dc83d0 GCTaskThread "GC Thread#1" [stack: 0x0000007650c00000,0x0000007650d00000] [id=6356]
  0x00000214b0dc8d30 GCTaskThread "GC Thread#2" [stack: 0x0000007651000000,0x0000007651100000] [id=9480]
  0x00000214b0611a00 GCTaskThread "GC Thread#3" [stack: 0x0000007651100000,0x0000007651200000] [id=10068]
  0x00000214b0ff48b0 GCTaskThread "GC Thread#4" [stack: 0x0000007651200000,0x0000007651300000] [id=21924]
  0x00000214b0ff5930 GCTaskThread "GC Thread#5" [stack: 0x0000007651300000,0x0000007651400000] [id=13392]
  0x00000214b0ff4b70 GCTaskThread "GC Thread#6" [stack: 0x0000007651400000,0x0000007651500000] [id=18940]
  0x00000214b0ff5bf0 GCTaskThread "GC Thread#7" [stack: 0x0000007651500000,0x0000007651600000] [id=9756]
  0x00000214b0ff4e30 GCTaskThread "GC Thread#8" [stack: 0x0000007651800000,0x0000007651900000] [id=14300]
  0x00000214b0ff50f0 GCTaskThread "GC Thread#9" [stack: 0x0000007651900000,0x0000007651a00000] [id=9740]
  0x00000214a0b858c0 ConcurrentGCThread "G1 Main Marker" [stack: 0x000000764fd00000,0x000000764fe00000] [id=20316]
  0x00000214a0b86a50 ConcurrentGCThread "G1 Conc#0" [stack: 0x000000764fe00000,0x000000764ff00000] [id=24696]
  0x00000214b0ff4070 ConcurrentGCThread "G1 Conc#1" [stack: 0x0000007651a00000,0x0000007651b00000] [id=18168]
  0x00000214b0ff53b0 ConcurrentGCThread "G1 Conc#2" [stack: 0x0000007651b00000,0x0000007651c00000] [id=22572]
  0x00000214a0bde6e0 ConcurrentGCThread "G1 Refine#0" [stack: 0x000000764ff00000,0x0000007650000000] [id=2224]
  0x00000214abc0c110 ConcurrentGCThread "G1 Service" [stack: 0x0000007650000000,0x0000007650100000] [id=5924]

Threads with active compile tasks:

VM state: at safepoint (normal execution)

VM Mutex/Monitor currently owned by a thread:  ([mutex/lock_event])
[0x000002149e9d8f00] Threads_lock - owner thread: 0x00000214abd91360
[0x00000214a0b3be70] Heap_lock - owner thread: 0x00000214b001ae10

Heap address: 0x00000000c0000000, size: 1024 MB, Compressed Oops mode: 32-bit

CDS archive(s) not mapped
Compressed class space mapped at: 0x0000000100000000-0x0000000140000000, reserved size: 1073741824
Narrow klass base: 0x0000000000000000, Narrow klass shift: 3, Narrow klass range: 0x140000000

GC Precious Log:
 CPUs: 12 total, 12 available
 Memory: 8043M
 Large Page Support: Disabled
 NUMA Support: Disabled
 Compressed Oops: Enabled (32-bit)
 Heap Region Size: 1M
 Heap Min Capacity: 8M
 Heap Initial Capacity: 126M
 Heap Max Capacity: 1G
 Pre-touch: Disabled
 Parallel Workers: 10
 Concurrent Workers: 3
 Concurrent Refinement Workers: 10
 Periodic GC: Disabled

Heap:
 garbage-first heap   total 81920K, used 31422K [0x00000000c0000000, 0x0000000100000000)
  region size 1024K, 1 young (1024K), 0 survivors (0K)
 Metaspace       used 56089K, committed 56576K, reserved 1114112K
  class space    used 7143K, committed 7360K, reserved 1048576K

Heap Regions: E=young(eden), S=young(survivor), O=old, HS=humongous(starts), HC=humongous(continues), CS=collection set, F=free, OA=open archive, CA=closed archive, TAMS=top-at-mark-start (previous, next)
|   0|0x00000000c0000000, 0x00000000c0100000, 0x00000000c0100000|100%| O|  |TAMS 0x00000000c0100000, 0x00000000c0000000| Untracked 
|   1|0x00000000c0100000, 0x00000000c0200000, 0x00000000c0200000|100%| O|  |TAMS 0x00000000c0200000, 0x00000000c0100000| Untracked 
|   2|0x00000000c0200000, 0x00000000c02f8348, 0x00000000c0300000| 96%| O|  |TAMS 0x00000000c02f8348, 0x00000000c0200000| Untracked 
|   3|0x00000000c0300000, 0x00000000c0400000, 0x00000000c0400000|100%| O|  |TAMS 0x00000000c0400000, 0x00000000c0300000| Untracked 
|   4|0x00000000c0400000, 0x00000000c04fffc8, 0x00000000c0500000| 99%| O|  |TAMS 0x00000000c04fffc8, 0x00000000c0400000| Untracked 
|   5|0x00000000c0500000, 0x00000000c0600000, 0x00000000c0600000|100%| O|  |TAMS 0x00000000c0600000, 0x00000000c0500000| Untracked 
|   6|0x00000000c0600000, 0x00000000c0700000, 0x00000000c0700000|100%| O|  |TAMS 0x00000000c0700000, 0x00000000c0600000| Untracked 
|   7|0x00000000c0700000, 0x00000000c0800000, 0x00000000c0800000|100%| O|  |TAMS 0x00000000c0800000, 0x00000000c0700000| Untracked 
|   8|0x00000000c0800000, 0x00000000c0900000, 0x00000000c0900000|100%| O|  |TAMS 0x00000000c0900000, 0x00000000c0800000| Untracked 
|   9|0x00000000c0900000, 0x00000000c09ffff8, 0x00000000c0a00000| 99%| O|  |TAMS 0x00000000c09ffff8, 0x00000000c0900000| Untracked 
|  10|0x00000000c0a00000, 0x00000000c0b00000, 0x00000000c0b00000|100%| O|  |TAMS 0x00000000c0b00000, 0x00000000c0a00000| Untracked 
|  11|0x00000000c0b00000, 0x00000000c0bfffb0, 0x00000000c0c00000| 99%| O|  |TAMS 0x00000000c0bfffb0, 0x00000000c0b00000| Untracked 
|  12|0x00000000c0c00000, 0x00000000c0cfffe8, 0x00000000c0d00000| 99%| O|  |TAMS 0x00000000c0cfffe8, 0x00000000c0c00000| Untracked 
|  13|0x00000000c0d00000, 0x00000000c0dffff8, 0x00000000c0e00000| 99%| O|  |TAMS 0x00000000c0dffff8, 0x00000000c0d00000| Untracked 
|  14|0x00000000c0e00000, 0x00000000c0eff380, 0x00000000c0f00000| 99%| O|  |TAMS 0x00000000c0eff380, 0x00000000c0e00000| Untracked 
|  15|0x00000000c0f00000, 0x00000000c0ffffb0, 0x00000000c1000000| 99%| O|  |TAMS 0x00000000c0ffffb0, 0x00000000c0f00000| Untracked 
|  16|0x00000000c1000000, 0x00000000c10fffc0, 0x00000000c1100000| 99%| O|  |TAMS 0x00000000c10fffc0, 0x00000000c1000000| Untracked 
|  17|0x00000000c1100000, 0x00000000c11ffff8, 0x00000000c1200000| 99%| O|  |TAMS 0x00000000c11ffff8, 0x00000000c1100000| Untracked 
|  18|0x00000000c1200000, 0x00000000c1300000, 0x00000000c1300000|100%| O|  |TAMS 0x00000000c1300000, 0x00000000c1200000| Untracked 
|  19|0x00000000c1300000, 0x00000000c1400000, 0x00000000c1400000|100%| O|  |TAMS 0x00000000c1400000, 0x00000000c1300000| Untracked 
|  20|0x00000000c1400000, 0x00000000c14fffc8, 0x00000000c1500000| 99%| O|  |TAMS 0x00000000c14fffc8, 0x00000000c1400000| Untracked 
|  21|0x00000000c1500000, 0x00000000c1600000, 0x00000000c1600000|100%| O|  |TAMS 0x00000000c1600000, 0x00000000c1500000| Untracked 
|  22|0x00000000c1600000, 0x00000000c16ffeb8, 0x00000000c1700000| 99%| O|  |TAMS 0x00000000c16ffeb8, 0x00000000c1600000| Untracked 
|  23|0x00000000c1700000, 0x00000000c17fc560, 0x00000000c1800000| 98%| O|  |TAMS 0x00000000c17fc560, 0x00000000c1700000| Untracked 
|  24|0x00000000c1800000, 0x00000000c18ffff8, 0x00000000c1900000| 99%| O|  |TAMS 0x00000000c18ffff8, 0x00000000c1800000| Untracked 
|  25|0x00000000c1900000, 0x00000000c19fffe0, 0x00000000c1a00000| 99%| O|  |TAMS 0x00000000c19fffe0, 0x00000000c1900000| Untracked 
|  26|0x00000000c1a00000, 0x00000000c1b00000, 0x00000000c1b00000|100%| O|  |TAMS 0x00000000c1b00000, 0x00000000c1a00000| Untracked 
|  27|0x00000000c1b00000, 0x00000000c1bfffe8, 0x00000000c1c00000| 99%| O|  |TAMS 0x00000000c1bfffe8, 0x00000000c1b00000| Untracked 
|  28|0x00000000c1c00000, 0x00000000c1c58df0, 0x00000000c1d00000| 34%| O|  |TAMS 0x00000000c1c00000, 0x00000000c1c00000| Untracked 
|  29|0x00000000c1d00000, 0x00000000c1dfff88, 0x00000000c1e00000| 99%| O|  |TAMS 0x00000000c1dfff88, 0x00000000c1d00000| Untracked 
|  30|0x00000000c1e00000, 0x00000000c1f00000, 0x00000000c1f00000|100%|HS|  |TAMS 0x00000000c1f00000, 0x00000000c1e00000| Untracked 
|  31|0x00000000c1f00000, 0x00000000c1f63498, 0x00000000c2000000| 38%| O|  |TAMS 0x00000000c1f00000, 0x00000000c1f00000| Untracked 
|  32|0x00000000c2000000, 0x00000000c2000000, 0x00000000c2100000|  0%| F|  |TAMS 0x00000000c2000000, 0x00000000c2000000| Untracked 
|  33|0x00000000c2100000, 0x00000000c2100000, 0x00000000c2200000|  0%| F|  |TAMS 0x00000000c2100000, 0x00000000c2100000| Untracked 
|  34|0x00000000c2200000, 0x00000000c2200000, 0x00000000c2300000|  0%| F|  |TAMS 0x00000000c2200000, 0x00000000c2200000| Untracked 
|  35|0x00000000c2300000, 0x00000000c2300000, 0x00000000c2400000|  0%| F|  |TAMS 0x00000000c2300000, 0x00000000c2300000| Untracked 
|  36|0x00000000c2400000, 0x00000000c2400000, 0x00000000c2500000|  0%| F|  |TAMS 0x00000000c2400000, 0x00000000c2400000| Untracked 
|  37|0x00000000c2500000, 0x00000000c2500000, 0x00000000c2600000|  0%| F|  |TAMS 0x00000000c2500000, 0x00000000c2500000| Untracked 
|  38|0x00000000c2600000, 0x00000000c2600000, 0x00000000c2700000|  0%| F|  |TAMS 0x00000000c2600000, 0x00000000c2600000| Untracked 
|  39|0x00000000c2700000, 0x00000000c2700000, 0x00000000c2800000|  0%| F|  |TAMS 0x00000000c2700000, 0x00000000c2700000| Untracked 
|  40|0x00000000c2800000, 0x00000000c2800000, 0x00000000c2900000|  0%| F|  |TAMS 0x00000000c2800000, 0x00000000c2800000| Untracked 
|  41|0x00000000c2900000, 0x00000000c2900000, 0x00000000c2a00000|  0%| F|  |TAMS 0x00000000c2900000, 0x00000000c2900000| Untracked 
|  42|0x00000000c2a00000, 0x00000000c2a00000, 0x00000000c2b00000|  0%| F|  |TAMS 0x00000000c2a00000, 0x00000000c2a00000| Untracked 
|  43|0x00000000c2b00000, 0x00000000c2b00000, 0x00000000c2c00000|  0%| F|  |TAMS 0x00000000c2b00000, 0x00000000c2b00000| Untracked 
|  44|0x00000000c2c00000, 0x00000000c2c00000, 0x00000000c2d00000|  0%| F|  |TAMS 0x00000000c2c00000, 0x00000000c2c00000| Untracked 
|  45|0x00000000c2d00000, 0x00000000c2d00000, 0x00000000c2e00000|  0%| F|  |TAMS 0x00000000c2d00000, 0x00000000c2d00000| Untracked 
|  46|0x00000000c2e00000, 0x00000000c2e00000, 0x00000000c2f00000|  0%| F|  |TAMS 0x00000000c2e00000, 0x00000000c2e00000| Untracked 
|  47|0x00000000c2f00000, 0x00000000c2f00000, 0x00000000c3000000|  0%| F|  |TAMS 0x00000000c2f00000, 0x00000000c2f00000| Untracked 
|  48|0x00000000c3000000, 0x00000000c3000000, 0x00000000c3100000|  0%| F|  |TAMS 0x00000000c3000000, 0x00000000c3000000| Untracked 
|  49|0x00000000c3100000, 0x00000000c3100000, 0x00000000c3200000|  0%| F|  |TAMS 0x00000000c3100000, 0x00000000c3100000| Untracked 
|  50|0x00000000c3200000, 0x00000000c3200000, 0x00000000c3300000|  0%| F|  |TAMS 0x00000000c3200000, 0x00000000c3200000| Untracked 
|  51|0x00000000c3300000, 0x00000000c3300000, 0x00000000c3400000|  0%| F|  |TAMS 0x00000000c3300000, 0x00000000c3300000| Untracked 
|  52|0x00000000c3400000, 0x00000000c3400000, 0x00000000c3500000|  0%| F|  |TAMS 0x00000000c3400000, 0x00000000c3400000| Untracked 
|  53|0x00000000c3500000, 0x00000000c3500000, 0x00000000c3600000|  0%| F|  |TAMS 0x00000000c3500000, 0x00000000c3500000| Untracked 
|  54|0x00000000c3600000, 0x00000000c3600000, 0x00000000c3700000|  0%| F|  |TAMS 0x00000000c3600000, 0x00000000c3600000| Untracked 
|  55|0x00000000c3700000, 0x00000000c3700000, 0x00000000c3800000|  0%| F|  |TAMS 0x00000000c3700000, 0x00000000c3700000| Untracked 
|  56|0x00000000c3800000, 0x00000000c3800000, 0x00000000c3900000|  0%| F|  |TAMS 0x00000000c3800000, 0x00000000c3800000| Untracked 
|  57|0x00000000c3900000, 0x00000000c3900000, 0x00000000c3a00000|  0%| F|  |TAMS 0x00000000c3900000, 0x00000000c3900000| Untracked 
|  58|0x00000000c3a00000, 0x00000000c3a00000, 0x00000000c3b00000|  0%| F|  |TAMS 0x00000000c3a00000, 0x00000000c3a00000| Untracked 
|  59|0x00000000c3b00000, 0x00000000c3b00000, 0x00000000c3c00000|  0%| F|  |TAMS 0x00000000c3b00000, 0x00000000c3b00000| Untracked 
|  60|0x00000000c3c00000, 0x00000000c3c00000, 0x00000000c3d00000|  0%| F|  |TAMS 0x00000000c3c00000, 0x00000000c3c00000| Untracked 
|  61|0x00000000c3d00000, 0x00000000c3d00000, 0x00000000c3e00000|  0%| F|  |TAMS 0x00000000c3d00000, 0x00000000c3d00000| Untracked 
|  62|0x00000000c3e00000, 0x00000000c3e00000, 0x00000000c3f00000|  0%| F|  |TAMS 0x00000000c3e00000, 0x00000000c3e00000| Untracked 
|  63|0x00000000c3f00000, 0x00000000c3f00000, 0x00000000c4000000|  0%| F|  |TAMS 0x00000000c3f00000, 0x00000000c3f00000| Untracked 
|  64|0x00000000c4000000, 0x00000000c4000000, 0x00000000c4100000|  0%| F|  |TAMS 0x00000000c4000000, 0x00000000c4000000| Untracked 
|  65|0x00000000c4100000, 0x00000000c4100000, 0x00000000c4200000|  0%| F|  |TAMS 0x00000000c4100000, 0x00000000c4100000| Untracked 
|  66|0x00000000c4200000, 0x00000000c4200000, 0x00000000c4300000|  0%| F|  |TAMS 0x00000000c4200000, 0x00000000c4200000| Untracked 
|  67|0x00000000c4300000, 0x00000000c4300000, 0x00000000c4400000|  0%| F|  |TAMS 0x00000000c4300000, 0x00000000c4300000| Untracked 
|  68|0x00000000c4400000, 0x00000000c4400000, 0x00000000c4500000|  0%| F|  |TAMS 0x00000000c4400000, 0x00000000c4400000| Untracked 
|  69|0x00000000c4500000, 0x00000000c4500000, 0x00000000c4600000|  0%| F|  |TAMS 0x00000000c4500000, 0x00000000c4500000| Untracked 
|  70|0x00000000c4600000, 0x00000000c4600000, 0x00000000c4700000|  0%| F|  |TAMS 0x00000000c4600000, 0x00000000c4600000| Untracked 
|  71|0x00000000c4700000, 0x00000000c4700000, 0x00000000c4800000|  0%| F|  |TAMS 0x00000000c4700000, 0x00000000c4700000| Untracked 
|  72|0x00000000c4800000, 0x00000000c4800000, 0x00000000c4900000|  0%| F|  |TAMS 0x00000000c4800000, 0x00000000c4800000| Untracked 
|  73|0x00000000c4900000, 0x00000000c4900000, 0x00000000c4a00000|  0%| F|  |TAMS 0x00000000c4900000, 0x00000000c4900000| Untracked 
|  74|0x00000000c4a00000, 0x00000000c4a00000, 0x00000000c4b00000|  0%| F|  |TAMS 0x00000000c4a00000, 0x00000000c4a00000| Untracked 
|  75|0x00000000c4b00000, 0x00000000c4b00000, 0x00000000c4c00000|  0%| F|  |TAMS 0x00000000c4b00000, 0x00000000c4b00000| Untracked 
|  76|0x00000000c4c00000, 0x00000000c4c00000, 0x00000000c4d00000|  0%| F|  |TAMS 0x00000000c4c00000, 0x00000000c4c00000| Untracked 
|  91|0x00000000c5b00000, 0x00000000c5b00000, 0x00000000c5c00000|  0%| F|  |TAMS 0x00000000c5b00000, 0x00000000c5b00000| Untracked 
|  92|0x00000000c5c00000, 0x00000000c5c00000, 0x00000000c5d00000|  0%| F|  |TAMS 0x00000000c5c00000, 0x00000000c5c00000| Untracked 
|  93|0x00000000c5d00000, 0x00000000c5d134e8, 0x00000000c5e00000|  7%| E|  |TAMS 0x00000000c5d00000, 0x00000000c5d00000| Complete 

Card table byte_map: [0x00000214a6ce0000,0x00000214a6ee0000] _byte_map_base: 0x00000214a66e0000

Marking Bits (Prev, Next): (CMBitMap*) 0x00000214a0b7cf90, (CMBitMap*) 0x00000214a0b7cfd0
 Prev Bits: [0x00000214a70e0000, 0x00000214a80e0000)
 Next Bits: [0x00000214a80e0000, 0x00000214a90e0000)

Polling page: 0x00000214a02e0000

Metaspace:

Usage:
  Non-class:     47.80 MB used.
      Class:      6.98 MB used.
       Both:     54.77 MB used.

Virtual space:
  Non-class space:       64.00 MB reserved,      48.06 MB ( 75%) committed,  1 nodes.
      Class space:        1.00 GB reserved,       7.19 MB ( <1%) committed,  1 nodes.
             Both:        1.06 GB reserved,      55.25 MB (  5%) committed. 

Chunk freelists:
   Non-Class:  15.57 MB
       Class:  8.85 MB
        Both:  24.42 MB

MaxMetaspaceSize: unlimited
CompressedClassSpaceSize: 1.00 GB
Initial GC threshold: 21.00 MB
Current GC threshold: 92.13 MB
CDS: off
MetaspaceReclaimPolicy: balanced
 - commit_granule_bytes: 65536.
 - commit_granule_words: 8192.
 - virtual_space_node_default_size: 8388608.
 - enlarge_chunks_in_place: 1.
 - new_chunks_are_fully_committed: 0.
 - uncommit_free_chunks: 1.
 - use_allocation_guard: 0.
 - handle_deallocations: 1.


Internal statistics:

num_allocs_failed_limit: 8.
num_arena_births: 668.
num_arena_deaths: 264.
num_vsnodes_births: 2.
num_vsnodes_deaths: 0.
num_space_committed: 884.
num_space_uncommitted: 0.
num_chunks_returned_to_freelist: 318.
num_chunks_taken_from_freelist: 2419.
num_chunk_merges: 92.
num_chunk_splits: 1637.
num_chunks_enlarged: 1255.
num_inconsistent_stats: 0.

CodeCache: size=49152Kb used=10205Kb max_used=10756Kb free=38946Kb
 bounds [0x00000214a37a0000, 0x00000214a4280000, 0x00000214a67a0000]
 total_blobs=6158 nmethods=5504 adapters=581
 compilation: enabled
              stopped_count=0, restarted_count=0
 full_count=0

Compilation events (20 events):
Event: 134.896 Thread 0x00000214b001e3b0 5495       1       org.eclipse.jdt.core.dom.ASTVisitor::visit (2 bytes)
Event: 134.896 Thread 0x00000214b001e3b0 nmethod 5495 0x00000214a4235e90 code [0x00000214a4236020, 0x00000214a42360f8]
Event: 134.897 Thread 0x00000214b001e3b0 5496       1       java.lang.invoke.BoundMethodHandle::speciesDataFor (32 bytes)
Event: 134.897 Thread 0x00000214b001e3b0 nmethod 5496 0x00000214a4235a90 code [0x00000214a4235c40, 0x00000214a4235db8]
Event: 194.793 Thread 0x00000214b001e3b0 5497       1       jdk.internal.misc.Unsafe::putReferenceOpaque (9 bytes)
Event: 194.793 Thread 0x00000214b001e3b0 nmethod 5497 0x00000214a4235790 code [0x00000214a4235920, 0x00000214a4235a38]
Event: 203.488 Thread 0x00000214b001e3b0 5498       1       java.util.concurrent.locks.AbstractQueuedSynchronizer::release (19 bytes)
Event: 203.489 Thread 0x00000214b001e3b0 nmethod 5498 0x00000214a4235290 code [0x00000214a4235440, 0x00000214a4235638]
Event: 236.126 Thread 0x00000214b001e3b0 5499       1       java.lang.invoke.LambdaForm$MH/0x00000001000cbc00::invoke (148 bytes)
Event: 236.127 Thread 0x00000214b001e3b0 nmethod 5499 0x00000214a4234810 code [0x00000214a4234a40, 0x00000214a4234e48]
Event: 256.380 Thread 0x00000214b001e3b0 5500       1       java.util.concurrent.locks.LockSupport::setBlocker (12 bytes)
Event: 256.380 Thread 0x00000214b001e3b0 nmethod 5500 0x00000214a4234510 code [0x00000214a42346a0, 0x00000214a4234798]
Event: 256.512 Thread 0x00000214b001e3b0 5501       1       java.util.concurrent.ThreadPoolExecutor::workerCountOf (5 bytes)
Event: 256.512 Thread 0x00000214b001e3b0 nmethod 5501 0x00000214a4234210 code [0x00000214a42343a0, 0x00000214a4234458]
Event: 296.945 Thread 0x00000214b001e3b0 5502       1       java.util.concurrent.TimeUnit::toNanos (45 bytes)
Event: 296.945 Thread 0x00000214b001e3b0 nmethod 5502 0x00000214a4233e10 code [0x00000214a4233fc0, 0x00000214a4234158]
Event: 337.528 Thread 0x00000214b001e3b0 5503       1       java.lang.ProcessImpl::needsEscaping (169 bytes)
Event: 337.529 Thread 0x00000214b001e3b0 nmethod 5503 0x00000214a4233090 code [0x00000214a42332e0, 0x00000214a42339e8]
Event: 337.529 Thread 0x00000214b001e3b0 5504       1       java.lang.ProcessImpl::unQuote (40 bytes)
Event: 337.529 Thread 0x00000214b001e3b0 nmethod 5504 0x00000214a4232b90 code [0x00000214a4232d40, 0x00000214a4232f08]

GC Heap History (20 events):
Event: 236.229 GC heap before
{Heap before GC invocations=33 (full 15):
 garbage-first heap   total 81920K, used 31422K [0x00000000c0000000, 0x0000000100000000)
  region size 1024K, 1 young (1024K), 0 survivors (0K)
 Metaspace       used 56089K, committed 56576K, reserved 1114112K
  class space    used 7143K, committed 7360K, reserved 1048576K
}
Event: 236.251 GC heap after
{Heap after GC invocations=34 (full 16):
 garbage-first heap   total 81920K, used 31422K [0x00000000c0000000, 0x0000000100000000)
  region size 1024K, 0 young (0K), 0 survivors (0K)
 Metaspace       used 56089K, committed 56576K, reserved 1114112K
  class space    used 7143K, committed 7360K, reserved 1048576K
}
Event: 246.356 GC heap before
{Heap before GC invocations=34 (full 16):
 garbage-first heap   total 81920K, used 31422K [0x00000000c0000000, 0x0000000100000000)
  region size 1024K, 1 young (1024K), 0 survivors (0K)
 Metaspace       used 56089K, committed 56576K, reserved 1114112K
  class space    used 7143K, committed 7360K, reserved 1048576K
}
Event: 246.379 GC heap after
{Heap after GC invocations=35 (full 17):
 garbage-first heap   total 81920K, used 31422K [0x00000000c0000000, 0x0000000100000000)
  region size 1024K, 0 young (0K), 0 survivors (0K)
 Metaspace       used 56089K, committed 56576K, reserved 1114112K
  class space    used 7143K, committed 7360K, reserved 1048576K
}
Event: 256.490 GC heap before
{Heap before GC invocations=35 (full 17):
 garbage-first heap   total 81920K, used 31422K [0x00000000c0000000, 0x0000000100000000)
  region size 1024K, 1 young (1024K), 0 survivors (0K)
 Metaspace       used 56089K, committed 56576K, reserved 1114112K
  class space    used 7143K, committed 7360K, reserved 1048576K
}
Event: 256.512 GC heap after
{Heap after GC invocations=36 (full 18):
 garbage-first heap   total 81920K, used 31422K [0x00000000c0000000, 0x0000000100000000)
  region size 1024K, 0 young (0K), 0 survivors (0K)
 Metaspace       used 56089K, committed 56576K, reserved 1114112K
  class space    used 7143K, committed 7360K, reserved 1048576K
}
Event: 266.634 GC heap before
{Heap before GC invocations=36 (full 18):
 garbage-first heap   total 81920K, used 31422K [0x00000000c0000000, 0x0000000100000000)
  region size 1024K, 1 young (1024K), 0 survivors (0K)
 Metaspace       used 56089K, committed 56576K, reserved 1114112K
  class space    used 7143K, committed 7360K, reserved 1048576K
}
Event: 266.656 GC heap after
{Heap after GC invocations=37 (full 19):
 garbage-first heap   total 81920K, used 31422K [0x00000000c0000000, 0x0000000100000000)
  region size 1024K, 0 young (0K), 0 survivors (0K)
 Metaspace       used 56089K, committed 56576K, reserved 1114112K
  class space    used 7143K, committed 7360K, reserved 1048576K
}
Event: 276.768 GC heap before
{Heap before GC invocations=37 (full 19):
 garbage-first heap   total 81920K, used 31422K [0x00000000c0000000, 0x0000000100000000)
  region size 1024K, 1 young (1024K), 0 survivors (0K)
 Metaspace       used 56089K, committed 56576K, reserved 1114112K
  class space    used 7143K, committed 7360K, reserved 1048576K
}
Event: 276.791 GC heap after
{Heap after GC invocations=38 (full 20):
 garbage-first heap   total 81920K, used 31422K [0x00000000c0000000, 0x0000000100000000)
  region size 1024K, 0 young (0K), 0 survivors (0K)
 Metaspace       used 56089K, committed 56576K, reserved 1114112K
  class space    used 7143K, committed 7360K, reserved 1048576K
}
Event: 286.919 GC heap before
{Heap before GC invocations=38 (full 20):
 garbage-first heap   total 81920K, used 31422K [0x00000000c0000000, 0x0000000100000000)
  region size 1024K, 1 young (1024K), 0 survivors (0K)
 Metaspace       used 56089K, committed 56576K, reserved 1114112K
  class space    used 7143K, committed 7360K, reserved 1048576K
}
Event: 286.941 GC heap after
{Heap after GC invocations=39 (full 21):
 garbage-first heap   total 81920K, used 31422K [0x00000000c0000000, 0x0000000100000000)
  region size 1024K, 0 young (0K), 0 survivors (0K)
 Metaspace       used 56089K, committed 56576K, reserved 1114112K
  class space    used 7143K, committed 7360K, reserved 1048576K
}
Event: 297.055 GC heap before
{Heap before GC invocations=39 (full 21):
 garbage-first heap   total 81920K, used 31422K [0x00000000c0000000, 0x0000000100000000)
  region size 1024K, 1 young (1024K), 0 survivors (0K)
 Metaspace       used 56089K, committed 56576K, reserved 1114112K
  class space    used 7143K, committed 7360K, reserved 1048576K
}
Event: 297.077 GC heap after
{Heap after GC invocations=40 (full 22):
 garbage-first heap   total 81920K, used 31422K [0x00000000c0000000, 0x0000000100000000)
  region size 1024K, 0 young (0K), 0 survivors (0K)
 Metaspace       used 56089K, committed 56576K, reserved 1114112K
  class space    used 7143K, committed 7360K, reserved 1048576K
}
Event: 307.184 GC heap before
{Heap before GC invocations=40 (full 22):
 garbage-first heap   total 81920K, used 31422K [0x00000000c0000000, 0x0000000100000000)
  region size 1024K, 1 young (1024K), 0 survivors (0K)
 Metaspace       used 56089K, committed 56576K, reserved 1114112K
  class space    used 7143K, committed 7360K, reserved 1048576K
}
Event: 307.206 GC heap after
{Heap after GC invocations=41 (full 23):
 garbage-first heap   total 81920K, used 31422K [0x00000000c0000000, 0x0000000100000000)
  region size 1024K, 0 young (0K), 0 survivors (0K)
 Metaspace       used 56089K, committed 56576K, reserved 1114112K
  class space    used 7143K, committed 7360K, reserved 1048576K
}
Event: 317.331 GC heap before
{Heap before GC invocations=41 (full 23):
 garbage-first heap   total 81920K, used 31422K [0x00000000c0000000, 0x0000000100000000)
  region size 1024K, 1 young (1024K), 0 survivors (0K)
 Metaspace       used 56089K, committed 56576K, reserved 1114112K
  class space    used 7143K, committed 7360K, reserved 1048576K
}
Event: 317.355 GC heap after
{Heap after GC invocations=42 (full 24):
 garbage-first heap   total 81920K, used 31422K [0x00000000c0000000, 0x0000000100000000)
  region size 1024K, 0 young (0K), 0 survivors (0K)
 Metaspace       used 56089K, committed 56576K, reserved 1114112K
  class space    used 7143K, committed 7360K, reserved 1048576K
}
Event: 327.500 GC heap before
{Heap before GC invocations=42 (full 24):
 garbage-first heap   total 81920K, used 31422K [0x00000000c0000000, 0x0000000100000000)
  region size 1024K, 1 young (1024K), 0 survivors (0K)
 Metaspace       used 56089K, committed 56576K, reserved 1114112K
  class space    used 7143K, committed 7360K, reserved 1048576K
}
Event: 327.527 GC heap after
{Heap after GC invocations=43 (full 25):
 garbage-first heap   total 81920K, used 31422K [0x00000000c0000000, 0x0000000100000000)
  region size 1024K, 0 young (0K), 0 survivors (0K)
 Metaspace       used 56089K, committed 56576K, reserved 1114112K
  class space    used 7143K, committed 7360K, reserved 1048576K
}

Dll operation events (9 events):
Event: 0.006 Loaded shared library c:\Users\szaut\.vscode\extensions\redhat.java-1.22.1-win32-x64\jre\17.0.8.1-win32-x86_64\bin\java.dll
Event: 0.171 Loaded shared library C:\Users\szaut\.vscode\extensions\redhat.java-1.22.1-win32-x64\jre\17.0.8.1-win32-x86_64\bin\net.dll
Event: 0.173 Loaded shared library C:\Users\szaut\.vscode\extensions\redhat.java-1.22.1-win32-x64\jre\17.0.8.1-win32-x86_64\bin\nio.dll
Event: 0.222 Loaded shared library C:\Users\szaut\.vscode\extensions\redhat.java-1.22.1-win32-x64\jre\17.0.8.1-win32-x86_64\bin\zip.dll
Event: 8.413 Loaded shared library C:\Users\szaut\.vscode\extensions\redhat.java-1.22.1-win32-x64\jre\17.0.8.1-win32-x86_64\bin\jimage.dll
Event: 13.338 Loaded shared library c:\Users\szaut\.vscode\extensions\redhat.java-1.22.1-win32-x64\jre\17.0.8.1-win32-x86_64\bin\verify.dll
Event: 13.531 Loaded shared library C:\Users\szaut\.vscode\extensions\redhat.java-1.22.1-win32-x64\jre\17.0.8.1-win32-x86_64\bin\management.dll
Event: 13.533 Loaded shared library C:\Users\szaut\.vscode\extensions\redhat.java-1.22.1-win32-x64\jre\17.0.8.1-win32-x86_64\bin\management_ext.dll
Event: 14.415 Loaded shared library C:\Users\szaut\.vscode\extensions\redhat.java-1.22.1-win32-x64\jre\17.0.8.1-win32-x86_64\bin\sunmscapi.dll

Deoptimization events (16 events):
Event: 12.824 Thread 0x00000214a0b3e2a0 DEOPT PACKING pc=0x00000214a3da5199 sp=0x000000764fbfd360
Event: 12.824 Thread 0x00000214a0b3e2a0 DEOPT UNPACKING pc=0x00000214a37f7143 sp=0x000000764fbfc840 mode 3
Event: 13.666 Thread 0x00000214b001a900 DEOPT PACKING pc=0x00000214a3f9c0b5 sp=0x0000007651ffd170
Event: 13.666 Thread 0x00000214b001a900 DEOPT UNPACKING pc=0x00000214a37f7143 sp=0x0000007651ffc698 mode 3
Event: 13.734 Thread 0x00000214b001a3f0 DEOPT PACKING pc=0x00000214a3d4e281 sp=0x0000007651efd690
Event: 13.734 Thread 0x00000214b001a3f0 DEOPT UNPACKING pc=0x00000214a37f7143 sp=0x0000007651efcb20 mode 3
Event: 13.744 Thread 0x00000214b1a11fa0 DEOPT PACKING pc=0x00000214a3d2ae17 sp=0x00000076524ff090
Event: 13.744 Thread 0x00000214b1a11fa0 DEOPT UNPACKING pc=0x00000214a37f7143 sp=0x00000076524fe4e8 mode 3
Event: 14.304 Thread 0x00000214b1a14820 DEOPT PACKING pc=0x00000214a3a2718c sp=0x00000076526fe6d0
Event: 14.304 Thread 0x00000214b1a14820 DEOPT UNPACKING pc=0x00000214a37f7143 sp=0x00000076526fdb98 mode 0
Event: 127.875 Thread 0x00000214b001a3f0 DEOPT PACKING pc=0x00000214a3e25254 sp=0x0000007651efeb80
Event: 127.875 Thread 0x00000214b001a3f0 DEOPT UNPACKING pc=0x00000214a37f7143 sp=0x0000007651efe028 mode 0
Event: 128.467 Thread 0x00000214b1a129c0 DEOPT PACKING pc=0x00000214a3a9a07d sp=0x00000076517fd740
Event: 128.467 Thread 0x00000214b1a129c0 DEOPT UNPACKING pc=0x00000214a37f7143 sp=0x00000076517fcca8 mode 3
Event: 134.550 Thread 0x00000214b1a14820 DEOPT PACKING pc=0x00000214a397ffee sp=0x00000076526fd280
Event: 134.550 Thread 0x00000214b1a14820 DEOPT UNPACKING pc=0x00000214a37f7143 sp=0x00000076526fc778 mode 3

Classes unloaded (20 events):
Event: 185.389 Thread 0x00000214abd91360 Unloading class 0x00000001003a9800 'java/lang/invoke/LambdaForm$MH+0x00000001003a9800'
Event: 185.389 Thread 0x00000214abd91360 Unloading class 0x00000001003b8c00 'java/lang/invoke/LambdaForm$MH+0x00000001003b8c00'
Event: 185.389 Thread 0x00000214abd91360 Unloading class 0x0000000100424400 'java/lang/invoke/LambdaForm$MH+0x0000000100424400'
Event: 185.389 Thread 0x00000214abd91360 Unloading class 0x0000000100426000 'java/lang/invoke/LambdaForm$MH+0x0000000100426000'
Event: 185.389 Thread 0x00000214abd91360 Unloading class 0x0000000100505000 'java/lang/invoke/LambdaForm$MH+0x0000000100505000'
Event: 185.389 Thread 0x00000214abd91360 Unloading class 0x000000010052c000 'java/lang/invoke/LambdaForm$MH+0x000000010052c000'
Event: 185.389 Thread 0x00000214abd91360 Unloading class 0x0000000100538c00 'java/lang/invoke/LambdaForm$MH+0x0000000100538c00'
Event: 185.389 Thread 0x00000214abd91360 Unloading class 0x000000010053a800 'java/lang/invoke/LambdaForm$MH+0x000000010053a800'
Event: 185.389 Thread 0x00000214abd91360 Unloading class 0x000000010062ac00 'java/lang/invoke/LambdaForm$MH+0x000000010062ac00'
Event: 185.389 Thread 0x00000214abd91360 Unloading class 0x0000000100634000 'java/lang/invoke/LambdaForm$MH+0x0000000100634000'
Event: 195.607 Thread 0x00000214abd91360 Unloading class 0x000000010072e400 'java/lang/invoke/LambdaForm$MH+0x000000010072e400'
Event: 195.607 Thread 0x00000214abd91360 Unloading class 0x000000010072e000 'java/lang/invoke/LambdaForm$MH+0x000000010072e000'
Event: 195.607 Thread 0x00000214abd91360 Unloading class 0x000000010072dc00 'java/lang/invoke/LambdaForm$MH+0x000000010072dc00'
Event: 195.607 Thread 0x00000214abd91360 Unloading class 0x000000010072d800 'java/lang/invoke/LambdaForm$MH+0x000000010072d800'
Event: 195.607 Thread 0x00000214abd91360 Unloading class 0x000000010072d400 'java/lang/invoke/LambdaForm$MH+0x000000010072d400'
Event: 195.607 Thread 0x00000214abd91360 Unloading class 0x000000010072d000 'java/lang/invoke/LambdaForm$MH+0x000000010072d000'
Event: 195.607 Thread 0x00000214abd91360 Unloading class 0x0000000100225c00 'java/lang/invoke/LambdaForm$MH+0x0000000100225c00'
Event: 195.607 Thread 0x00000214abd91360 Unloading class 0x0000000100226800 'java/lang/invoke/LambdaForm$MH+0x0000000100226800'
Event: 195.607 Thread 0x00000214abd91360 Unloading class 0x000000010039cc00 'java/lang/invoke/LambdaForm$MH+0x000000010039cc00'
Event: 195.607 Thread 0x00000214abd91360 Unloading class 0x00000001003ac800 'java/lang/invoke/LambdaForm$MH+0x00000001003ac800'

Classes redefined (0 events):
No events

Internal exceptions (20 events):
Event: 128.400 Thread 0x00000214b1a129c0 Exception <a 'sun/nio/fs/WindowsException'{0x00000000c5b90510}> (0x00000000c5b90510) 
thrown [s\src\hotspot\share\prims\jni.cpp, line 516]
Event: 128.400 Thread 0x00000214b1a129c0 Exception <a 'sun/nio/fs/WindowsException'{0x00000000c5b909c0}> (0x00000000c5b909c0) 
thrown [s\src\hotspot\share\prims\jni.cpp, line 516]
Event: 128.401 Thread 0x00000214b1a129c0 Exception <a 'sun/nio/fs/WindowsException'{0x00000000c5b91790}> (0x00000000c5b91790) 
thrown [s\src\hotspot\share\prims\jni.cpp, line 516]
Event: 128.401 Thread 0x00000214b1a129c0 Exception <a 'sun/nio/fs/WindowsException'{0x00000000c5b92050}> (0x00000000c5b92050) 
thrown [s\src\hotspot\share\prims\jni.cpp, line 516]
Event: 128.401 Thread 0x00000214b1a129c0 Exception <a 'sun/nio/fs/WindowsException'{0x00000000c5b924c0}> (0x00000000c5b924c0) 
thrown [s\src\hotspot\share\prims\jni.cpp, line 516]
Event: 128.401 Thread 0x00000214b1a129c0 Exception <a 'sun/nio/fs/WindowsException'{0x00000000c5b934d8}> (0x00000000c5b934d8) 
thrown [s\src\hotspot\share\prims\jni.cpp, line 516]
Event: 128.401 Thread 0x00000214b1a129c0 Exception <a 'sun/nio/fs/WindowsException'{0x00000000c5b93988}> (0x00000000c5b93988) 
thrown [s\src\hotspot\share\prims\jni.cpp, line 516]
Event: 128.508 Thread 0x00000214b1a129c0 Exception <a 'sun/nio/fs/WindowsException'{0x00000000c391a888}> (0x00000000c391a888) 
thrown [s\src\hotspot\share\prims\jni.cpp, line 516]
Event: 128.508 Thread 0x00000214b1a129c0 Exception <a 'sun/nio/fs/WindowsException'{0x00000000c391b108}> (0x00000000c391b108) 
thrown [s\src\hotspot\share\prims\jni.cpp, line 516]
Event: 128.508 Thread 0x00000214b1a129c0 Exception <a 'sun/nio/fs/WindowsException'{0x00000000c391b558}> (0x00000000c391b558) 
thrown [s\src\hotspot\share\prims\jni.cpp, line 516]
Event: 128.508 Thread 0x00000214b1a129c0 Exception <a 'sun/nio/fs/WindowsException'{0x00000000c391c550}> (0x00000000c391c550) 
thrown [s\src\hotspot\share\prims\jni.cpp, line 516]
Event: 128.508 Thread 0x00000214b1a129c0 Exception <a 'sun/nio/fs/WindowsException'{0x00000000c391c9e0}> (0x00000000c391c9e0) 
thrown [s\src\hotspot\share\prims\jni.cpp, line 516]
Event: 128.508 Thread 0x00000214b1a129c0 Exception <a 'sun/nio/fs/WindowsException'{0x00000000c391d7b0}> (0x00000000c391d7b0) 
thrown [s\src\hotspot\share\prims\jni.cpp, line 516]
Event: 128.508 Thread 0x00000214b1a129c0 Exception <a 'sun/nio/fs/WindowsException'{0x00000000c391e070}> (0x00000000c391e070) 
thrown [s\src\hotspot\share\prims\jni.cpp, line 516]
Event: 128.508 Thread 0x00000214b1a129c0 Exception <a 'sun/nio/fs/WindowsException'{0x00000000c391e4e0}> (0x00000000c391e4e0) 
thrown [s\src\hotspot\share\prims\jni.cpp, line 516]
Event: 128.508 Thread 0x00000214b1a129c0 Exception <a 'sun/nio/fs/WindowsException'{0x00000000c391f4f8}> (0x00000000c391f4f8) 
thrown [s\src\hotspot\share\prims\jni.cpp, line 516]
Event: 128.508 Thread 0x00000214b1a129c0 Exception <a 'sun/nio/fs/WindowsException'{0x00000000c391f9a8}> (0x00000000c391f9a8) 
thrown [s\src\hotspot\share\prims\jni.cpp, line 516]
Event: 134.549 Thread 0x00000214b1a14820 Implicit null exception at 0x00000214a397fdc4 to 0x00000214a397ffe9
Event: 134.885 Thread 0x00000214b1a129c0 Exception <a 'java/lang/NoSuchMethodError'{0x00000000c49f7d98}: 'java.lang.Object java.lang.invoke.DirectMethodHandle$Holder.newInvokeSpecial(java.lang.Object, java.lang.Object, java.lang.Object, java.lang.Object, java.lang.Object, long)'> (0x00000000c49f7d98) 
thrown [s\src\hotspot\share\interpreter\linkResolver.cpp, line 759]
Event: 134.885 Thread 0x00000214b1a129c0 Exception <a 'java/lang/NoSuchMethodError'{0x00000000c49fc408}: 'java.lang.Object java.lang.invoke.DirectMethodHandle$Holder.invokeSpecial(java.lang.Object, java.lang.Object, java.lang.Object, java.lang.Object, java.lang.Object, java.lang.Object, long)'> (0x00000000c49fc408) 
thrown [s\src\hotspot\share\interpreter\linkResolver.cpp, line 759]

VM Operations (20 events):
Event: 236.251 Executing VM operation: G1CollectFull done
Event: 246.356 Executing VM operation: G1CollectFull
Event: 246.379 Executing VM operation: G1CollectFull done
Event: 256.489 Executing VM operation: G1CollectFull
Event: 256.512 Executing VM operation: G1CollectFull done
Event: 266.633 Executing VM operation: G1CollectFull
Event: 266.656 Executing VM operation: G1CollectFull done
Event: 276.768 Executing VM operation: G1CollectFull
Event: 276.791 Executing VM operation: G1CollectFull done
Event: 286.919 Executing VM operation: G1CollectFull
Event: 286.941 Executing VM operation: G1CollectFull done
Event: 297.055 Executing VM operation: G1CollectFull
Event: 297.077 Executing VM operation: G1CollectFull done
Event: 307.184 Executing VM operation: G1CollectFull
Event: 307.206 Executing VM operation: G1CollectFull done
Event: 317.331 Executing VM operation: G1CollectFull
Event: 317.356 Executing VM operation: G1CollectFull done
Event: 327.500 Executing VM operation: G1CollectFull
Event: 327.528 Executing VM operation: G1CollectFull done
Event: 337.557 Executing VM operation: G1CollectFull

Events (20 events):
Event: 128.523 loading class java/util/EmptyStackException done
Event: 128.526 loading class java/io/InvalidClassException
Event: 128.526 loading class java/io/InvalidClassException done
Event: 128.530 loading class java/util/ArrayList$ListItr
Event: 128.530 loading class java/util/ArrayList$ListItr done
Event: 133.550 Thread 0x00000214b0bfd920 Thread exited: 0x00000214b0bfd920
Event: 133.550 Thread 0x00000214b1750d40 Thread exited: 0x00000214b1750d40
Event: 134.379 Thread 0x00000214b1a12ed0 Thread added: 0x00000214b1a12ed0
Event: 134.380 Thread 0x00000214b1a133e0 Thread added: 0x00000214b1a133e0
Event: 134.402 loading class java/util/concurrent/CompletableFuture$UniCompose
Event: 134.402 loading class java/util/concurrent/CompletableFuture$UniCompose done
Event: 134.403 Thread 0x00000214b1a13e00 Thread added: 0x00000214b1a13e00
Event: 134.403 loading class java/util/concurrent/CompletableFuture$UniRelay
Event: 134.403 loading class java/util/concurrent/CompletableFuture$UniRelay done
Event: 134.426 Thread 0x00000214b1750d40 Thread added: 0x00000214b1750d40
Event: 139.898 Thread 0x00000214b1750d40 Thread exited: 0x00000214b1750d40
Event: 194.716 Thread 0x00000214b1a14820 Thread exited: 0x00000214b1a14820
Event: 194.787 Thread 0x00000214b1a13e00 Thread exited: 0x00000214b1a13e00
Event: 194.791 Thread 0x00000214b1a124b0 Thread exited: 0x00000214b1a124b0
Event: 194.795 Thread 0x00000214b1a11580 Thread exited: 0x00000214b1a11580


Dynamic libraries:
0x00007ff79d760000 - 0x00007ff79d76e000 	c:\Users\szaut\.vscode\extensions\redhat.java-1.22.1-win32-x64\jre\17.0.8.1-win32-x86_64\bin\java.exe
0x00007ff89f2c0000 - 0x00007ff89f4b0000 	C:\Windows\SYSTEM32\ntdll.dll
0x00007ff874970000 - 0x00007ff874989000 	C:\Program Files\Avast Software\Avast\aswhook.dll
0x00007ff89d7d0000 - 0x00007ff89d882000 	C:\Windows\System32\KERNEL32.DLL
0x00007ff89cfd0000 - 0x00007ff89d275000 	C:\Windows\System32\KERNELBASE.dll
0x00007ff89c400000 - 0x00007ff89c4fa000 	C:\Windows\System32\ucrtbase.dll
0x00007ff891c50000 - 0x00007ff891c67000 	c:\Users\szaut\.vscode\extensions\redhat.java-1.22.1-win32-x64\jre\17.0.8.1-win32-x86_64\bin\jli.dll
0x00007ff891c10000 - 0x00007ff891c29000 	c:\Users\szaut\.vscode\extensions\redhat.java-1.22.1-win32-x64\jre\17.0.8.1-win32-x86_64\bin\VCRUNTIME140.dll
0x00007ff89ed90000 - 0x00007ff89ef24000 	C:\Windows\System32\USER32.dll
0x00007ff89c340000 - 0x00007ff89c361000 	C:\Windows\System32\win32u.dll
0x00007ff887fb0000 - 0x00007ff888234000 	C:\Windows\WinSxS\amd64_microsoft.windows.common-controls_6595b64144ccf1df_6.0.18362.1556_none_9e7e372fe45e41d5\COMCTL32.dll
0x00007ff89f0f0000 - 0x00007ff89f116000 	C:\Windows\System32\GDI32.dll
0x00007ff89efe0000 - 0x00007ff89f07e000 	C:\Windows\System32\msvcrt.dll
0x00007ff89c680000 - 0x00007ff89c818000 	C:\Windows\System32\gdi32full.dll
0x00007ff89d2d0000 - 0x00007ff89d36e000 	C:\Windows\System32\msvcp_win.dll
0x00007ff89d370000 - 0x00007ff89d6a6000 	C:\Windows\System32\combase.dll
0x00007ff89d6b0000 - 0x00007ff89d7cf000 	C:\Windows\System32\RPCRT4.dll
0x00007ff89c370000 - 0x00007ff89c3f1000 	C:\Windows\System32\bcryptPrimitives.dll
0x00007ff89e270000 - 0x00007ff89e29e000 	C:\Windows\System32\IMM32.DLL
0x00007ff899bd0000 - 0x00007ff899bdc000 	c:\Users\szaut\.vscode\extensions\redhat.java-1.22.1-win32-x64\jre\17.0.8.1-win32-x86_64\bin\vcruntime140_1.dll
0x00007ff890410000 - 0x00007ff8904a1000 	c:\Users\szaut\.vscode\extensions\redhat.java-1.22.1-win32-x64\jre\17.0.8.1-win32-x86_64\bin\msvcp140.dll
0x00007ff853100000 - 0x00007ff853d4c000 	c:\Users\szaut\.vscode\extensions\redhat.java-1.22.1-win32-x64\jre\17.0.8.1-win32-x86_64\bin\server\jvm.dll
0x00007ff89ef30000 - 0x00007ff89efd3000 	C:\Windows\System32\ADVAPI32.dll
0x00007ff89ecf0000 - 0x00007ff89ed87000 	C:\Windows\System32\sechost.dll
0x00007ff89c1a0000 - 0x00007ff89c1ea000 	C:\Windows\System32\POWRPROF.dll
0x00007ff89c170000 - 0x00007ff89c180000 	C:\Windows\System32\UMPDC.dll
0x00007ff899b30000 - 0x00007ff899b54000 	C:\Windows\SYSTEM32\WINMM.dll
0x00007ff8874e0000 - 0x00007ff8874e9000 	C:\Windows\SYSTEM32\WSOCK32.dll
0x00007ff895400000 - 0x00007ff89540a000 	C:\Windows\SYSTEM32\VERSION.dll
0x00007ff89e360000 - 0x00007ff89e3cf000 	C:\Windows\System32\WS2_32.dll
0x00007ff899ac0000 - 0x00007ff899aed000 	C:\Windows\SYSTEM32\winmmbase.dll
0x00007ff89d280000 - 0x00007ff89d2ca000 	C:\Windows\System32\cfgmgr32.dll
0x00007ff89c210000 - 0x00007ff89c221000 	C:\Windows\System32\kernel.appcore.dll
0x00007ff898280000 - 0x00007ff89828a000 	c:\Users\szaut\.vscode\extensions\redhat.java-1.22.1-win32-x64\jre\17.0.8.1-win32-x86_64\bin\jimage.dll
0x00007ff89aa50000 - 0x00007ff89ac44000 	C:\Windows\SYSTEM32\DBGHELP.DLL
0x00007ff892d50000 - 0x00007ff892d7a000 	C:\Windows\SYSTEM32\dbgcore.DLL
0x00007ff8919f0000 - 0x00007ff891a15000 	c:\Users\szaut\.vscode\extensions\redhat.java-1.22.1-win32-x64\jre\17.0.8.1-win32-x86_64\bin\java.dll
0x00007ff891890000 - 0x00007ff8918a8000 	c:\Users\szaut\.vscode\extensions\redhat.java-1.22.1-win32-x64\jre\17.0.8.1-win32-x86_64\bin\zip.dll
0x00007ff89d890000 - 0x00007ff89df77000 	C:\Windows\System32\SHELL32.dll
0x00007ff89ebc0000 - 0x00007ff89ec68000 	C:\Windows\System32\shcore.dll
0x00007ff89c820000 - 0x00007ff89cf9b000 	C:\Windows\System32\windows.storage.dll
0x00007ff89c180000 - 0x00007ff89c19e000 	C:\Windows\System32\profapi.dll
0x00007ff89e050000 - 0x00007ff89e0a2000 	C:\Windows\System32\shlwapi.dll
0x00007ff89c660000 - 0x00007ff89c677000 	C:\Windows\System32\cryptsp.dll
0x00007ff890900000 - 0x00007ff890919000 	C:\Users\szaut\.vscode\extensions\redhat.java-1.22.1-win32-x64\jre\17.0.8.1-win32-x86_64\bin\net.dll
0x00007ff8942d0000 - 0x00007ff8943ca000 	C:\Windows\SYSTEM32\WINHTTP.dll
0x00007ff89b9b0000 - 0x00007ff89ba17000 	C:\Windows\system32\mswsock.dll
0x00007ff8905b0000 - 0x00007ff8905c5000 	C:\Users\szaut\.vscode\extensions\redhat.java-1.22.1-win32-x64\jre\17.0.8.1-win32-x86_64\bin\nio.dll
0x00007ff89b530000 - 0x00007ff89b563000 	C:\Windows\system32\rsaenh.dll
0x00007ff89cfa0000 - 0x00007ff89cfc6000 	C:\Windows\System32\bcrypt.dll
0x00007ff89c090000 - 0x00007ff89c0b5000 	C:\Windows\SYSTEM32\USERENV.dll
0x00007ff89bb80000 - 0x00007ff89bb8c000 	C:\Windows\SYSTEM32\CRYPTBASE.dll
0x00007ff89b6c0000 - 0x00007ff89b6fa000 	C:\Windows\SYSTEM32\IPHLPAPI.DLL
0x00007ff89ead0000 - 0x00007ff89ead8000 	C:\Windows\System32\NSI.dll
0x00007ff894f00000 - 0x00007ff894f16000 	C:\Windows\SYSTEM32\dhcpcsvc6.DLL
0x00007ff894670000 - 0x00007ff89468c000 	C:\Windows\SYSTEM32\dhcpcsvc.DLL
0x00007ff89b700000 - 0x00007ff89b7cb000 	C:\Windows\SYSTEM32\DNSAPI.dll
0x00007ff891c40000 - 0x00007ff891c50000 	c:\Users\szaut\.vscode\extensions\redhat.java-1.22.1-win32-x64\jre\17.0.8.1-win32-x86_64\bin\verify.dll
0x00007ff891bf0000 - 0x00007ff891bf9000 	C:\Users\szaut\.vscode\extensions\redhat.java-1.22.1-win32-x64\jre\17.0.8.1-win32-x86_64\bin\management.dll
0x00007ff891b50000 - 0x00007ff891b5b000 	C:\Users\szaut\.vscode\extensions\redhat.java-1.22.1-win32-x64\jre\17.0.8.1-win32-x86_64\bin\management_ext.dll
0x00007ff89eaa0000 - 0x00007ff89eaa8000 	C:\Windows\System32\PSAPI.DLL
0x00007ff8919e0000 - 0x00007ff8919ee000 	C:\Users\szaut\.vscode\extensions\redhat.java-1.22.1-win32-x64\jre\17.0.8.1-win32-x86_64\bin\sunmscapi.dll
0x00007ff89c500000 - 0x00007ff89c651000 	C:\Windows\System32\CRYPT32.dll
0x00007ff89c1f0000 - 0x00007ff89c202000 	C:\Windows\System32\MSASN1.dll
0x00007ff89bc90000 - 0x00007ff89bcb6000 	C:\Windows\SYSTEM32\ncrypt.dll
0x00007ff89bc50000 - 0x00007ff89bc8b000 	C:\Windows\SYSTEM32\NTASN1.dll
0x00007ff894030000 - 0x00007ff89403a000 	C:\Windows\System32\rasadhlp.dll
0x00007ff8940f0000 - 0x00007ff894167000 	C:\Windows\System32\fwpuclnt.dll

dbghelp: loaded successfully - version: 4.0.5 - missing functions: none
symbol engine: initialized successfully - sym options: 0x614 - pdb path: .;c:\Users\szaut\.vscode\extensions\redhat.java-1.22.1-win32-x64\jre\17.0.8.1-win32-x86_64\bin;C:\Windows\SYSTEM32;C:\Program Files\Avast Software\Avast;C:\Windows\WinSxS\amd64_microsoft.windows.common-controls_6595b64144ccf1df_6.0.18362.1556_none_9e7e372fe45e41d5;c:\Users\szaut\.vscode\extensions\redhat.java-1.22.1-win32-x64\jre\17.0.8.1-win32-x86_64\bin\server

VM Arguments:
jvm_args: -XX:+HeapDumpOnOutOfMemoryError -Xmx1024m -Dsts.lsp.client=vscode -Dsts.log.file=/dev/null -XX:TieredStopAtLevel=1 -Xlog:jni+resolve=off -Dspring.config.location=file:c:\Users\szaut\.vscode\extensions\vmware.vscode-spring-boot-1.49.0\language-server\BOOT-INF\classes\application.properties 
java_command: org.springframework.ide.vscode.boot.app.BootLanguageServerBootApp
java_class_path (initial): c:\Users\szaut\.vscode\extensions\vmware.vscode-spring-boot-1.49.0\language-server\BOOT-INF\classes;c:\Users\szaut\.vscode\extensions\vmware.vscode-spring-boot-1.49.0\language-server\BOOT-INF\lib\annotations-24.0.1.jar;c:\Users\szaut\.vscode\extensions\vmware.vscode-spring-boot-1.49.0\language-server\BOOT-INF\lib\antlr-runtime-3.5.3.jar;c:\Users\szaut\.vscode\extensions\vmware.vscode-spring-boot-1.49.0\language-server\BOOT-INF\lib\antlr4-4.11.1.jar;c:\Users\szaut\.vscode\extensions\vmware.vscode-spring-boot-1.49.0\language-server\BOOT-INF\lib\antlr4-runtime-4.11.1.jar;c:\Users\szaut\.vscode\extensions\vmware.vscode-spring-boot-1.49.0\language-server\BOOT-INF\lib\archunit-1.1.0.jar;c:\Users\szaut\.vscode\extensions\vmware.vscode-spring-boot-1.49.0\language-server\BOOT-INF\lib\asm-9.5.jar;c:\Users\szaut\.vscode\extensions\vmware.vscode-spring-boot-1.49.0\language-server\BOOT-INF\lib\asm-analysis-9.5.jar;c:\Users\szaut\.vscode\extensions\vmware.vscode-spring-boot-1.49.0\language-server\BOOT-INF\lib\asm-tree-9.5.jar;c:\Users\szaut\.vscode\extensions\vmware.vscode-spring-boot-1.49.0\language-server\BOOT-INF\lib\asm-util-9.5.jar;c:\Users\szaut\.vscode\extensions\vmware.vscode-spring-boot-1.49.0\language-server\BOOT-INF\lib\bosh-language-server-1.49.0-SNAPSHOT.jar;c:\Users\szaut\.vscode\extensions\vmware.vscode-spring-boot-1.49.0\language-server\BOOT-INF\lib\caffeine-3.1.6.jar;c:\Users\szaut\.vscode\extensions\vmware.vscode-spring-boot-1.49.0\language-server\BOOT-INF\lib\checker-qual-3.12.0.jar;c:\Users\szaut\.vscode\extensions\vmware.vscode-spring-boot-1.49.0\language-server\BOOT-INF\lib\classgraph-4.8.149.jar;c:\Users\szaut\.vscode\extensions\vmware.vscode-spring-boot-1.49.0\language-server\BOOT-INF\lib\commons-codec-1.15.jar;c:\Users\szaut\.vscode\extensions\vmware.vscode-spring-boot-1.49.0\language-server\BOOT-INF\lib\commons-compress-1.23.0.jar;c:\Users\szaut\.vscode\extensions\vmware.vscode-spring-boot-1.49.0\language-server\BOOT-INF\lib\
Launcher Type: SUN_STANDARD

[Global flags]
     intx CICompilerCount                          = 4                                         {product} {ergonomic}
     uint ConcGCThreads                            = 3                                         {product} {ergonomic}
     uint G1ConcRefinementThreads                  = 10                                        {product} {ergonomic}
   size_t G1HeapRegionSize                         = 1048576                                   {product} {ergonomic}
    uintx GCDrainStackTargetSize                   = 64                                        {product} {ergonomic}
     bool HeapDumpOnOutOfMemoryError               = true                                   {manageable} {command line}
   size_t InitialHeapSize                          = 132120576                                 {product} {ergonomic}
   size_t MarkStackSize                            = 4194304                                   {product} {ergonomic}
   size_t MaxHeapSize                              = 1073741824                                {product} {command line}
   size_t MaxNewSize                               = 643825664                                 {product} {ergonomic}
   size_t MinHeapDeltaBytes                        = 1048576                                   {product} {ergonomic}
   size_t MinHeapSize                              = 8388608                                   {product} {ergonomic}
    uintx NonProfiledCodeHeapSize                  = 0                                      {pd product} {ergonomic}
     bool ProfileInterpreter                       = false                                  {pd product} {command line}
    uintx ProfiledCodeHeapSize                     = 0                                      {pd product} {ergonomic}
   size_t SoftMaxHeapSize                          = 1073741824                             {manageable} {ergonomic}
     intx TieredStopAtLevel                        = 1                                         {product} {command line}
     bool UseCompressedClassPointers               = true                           {product lp64_product} {ergonomic}
     bool UseCompressedOops                        = true                           {product lp64_product} {ergonomic}
     bool UseG1GC                                  = true                                      {product} {ergonomic}
     bool UseLargePagesIndividualAllocation        = false                                  {pd product} {ergonomic}

Logging:
Log output configuration:
 #0: stdout all=warning,jni+resolve=off uptime,level,tags
 #1: stderr all=off uptime,level,tags

Environment Variables:
JAVA_HOME=C:\Program Files\Java\jdk-17.0.2
PATH=C:\Program Files\Common Files\Oracle\Java\javapath;C:\Program Files (x86)\Common Files\Oracle\Java\javapath;D:\Program Files (x86)\Embarcadero\Studio\20.0\bin;C:\Users\Public\Documents\Embarcadero\Studio\20.0\Bpl;D:\Program Files (x86)\Embarcadero\Studio\20.0\bin64;C:\Users\Public\Documents\Embarcadero\Studio\20.0\Bpl\Win64;C:\Program Files (x86)\VMware\VMware Workstation\bin\;C:\ProgramData\Oracle\Java\javapath;C:\Windows\system32;C:\Windows;C:\Windows\System32\Wbem;C:\Windows\System32\WindowsPowerShell\v1.0\;C:\Windows\System32\OpenSSH\;C:\Program Files\dotnet\;C:\Program Files\Microsoft SQL Server\130\Tools\Binn\;C:\Program Files\Microsoft SQL Server\Client SDK\ODBC\170\Tools\Binn\;C:\cygwin64\bin;C:\Program Files\Java\apache-tomcat-9.0.30\bin;C:\Program Files\groovy\bin;C:\Program Files\gradle\gradle-6.0.1\bin;C:\Program Files\SpringBoot\spring-2.2.2.RELEASE\bin;C:\Program Files\PuTTY\;C:\Program Files (x86)\Paragon Software\LinuxFS for Windows\;C:\Program Files\nodejs\;C:\AWRoot\bin\common;C:\AWRoot\bin\lib;C:\APP\DDC\bin;C:\Program Files\sts-4.5.0.RELEASE\;C:\Program Files (x86)\openssl-1.1\x64\\bin;C:\Program Files (x86)\dotnet\;C:\Program Files\Microsoft SQL Server\120\Tools\Binn\;D:\Program Files\Esptool;C:\Users\szaut\AppData\Local\Packages\PythonSoftwareFoundation.Python.3.8_qbz5n2kfra8p0\LocalCache\local-packages\Python38\Scripts;D:\Kubernetes;C:\minikube;C:\Program Files (x86)\VMware\VMware Workstation;C:\Program Files\Java\jdk-17.0.2;C:\Program Files\MAVEN\apache-maven-3.8.4\bin;"E:\portable\PortableGit\bin;E:\portable\PortableGit\usr\bin;E:\portable\PortableGit\mingw64\bin;E:\portable\PortableGit\mingw64\libexec\git-core;";E:\portable\node-v18.14.0-win-x64;C:\Program Files\Git\cmd;C:\Users\szaut\AppData\Local\Microsoft\WindowsApps;C:\Users\szaut\AppData\Local\Programs\Microsoft VS Code\bin;C:\Users\szaut\AppData\Roaming\npm;C:\Program Files\heroku\bin;C:\Program Files\PostgreSQL\12\bin;C:\Program Files\JetBrains\IntelliJ IDEA Educational Edition 202
USERNAME=szaut
OS=Windows_NT
PROCESSOR_IDENTIFIER=Intel64 Family 6 Model 158 Stepping 10, GenuineIntel
TMP=C:\Users\szaut\AppData\Local\Temp
TEMP=C:\Users\szaut\AppData\Local\Temp



---------------  S Y S T E M  ---------------

OS:
 Windows 10 , 64 bit Build 18362 (10.0.18362.1500)
OS uptime: 10 days 12:11 hours

CPU: total 12 (initial active 12) (6 cores per cpu, 2 threads per core) family 6 model 158 stepping 10 microcode 0xde, cx8, cmov, fxsr, ht, mmx, 3dnowpref, sse, sse2, sse3, ssse3, sse4.1, sse4.2, popcnt, lzcnt, tsc, tscinvbit, avx, avx2, aes, erms, clmul, bmi1, bmi2, adx, fma, vzeroupper, clflush, clflushopt
Processor Information for all 12 processors :
  Max Mhz: 2592, Current Mhz: 2592, Mhz Limit: 2592

Memory: 4k page, system-wide physical 8043M (1307M free)
TotalPageFile size 10091M (AvailPageFile size 10M)
current process WorkingSet (physical memory assigned to process): 204M, peak: 209M
current process commit charge ("private bytes"): 244M, peak: 262M

vm_info: OpenJDK 64-Bit Server VM (17.0.8.1+1) for windows-amd64 JRE (17.0.8.1+1), built on Aug 23 2023 15:29:17 by "admin" with MS VC++ 16.7 (VS2019)

END.
